2016-10-05 18:00:57,913 manager INFO 1.1.0
2016-10-05 18:00:57,913 manager INFO Copyright (C) 2003-2010
2016-10-05 18:00:57,913 manager INFO   Noriaki Ando
2016-10-05 18:00:57,913 manager INFO   Intelligent Systems Research Institute, AIST
2016-10-05 18:00:57,914 manager INFO Manager starting.
2016-10-05 18:00:57,914 manager INFO Starting local logging.
2016-10-05 18:00:57,917 manager.namingmanager INFO NameServer connection succeeded: corba/localhost
2016-10-05 18:00:59,946 ManagerServant INFO Master manager not found
2016-10-05 18:00:59,948 manager WARNING Traceback (most recent call last):
  File "C:\Python27\lib\site-packages\OpenRTM_aist\Manager.py", line 1900, in initManagerServant
    reffile = file(self._config.getProperty("manager.refstring_path"),'w')
IOError: [Errno 2] No such file or directory: '/var/log/rtcmanager.ref'

2016-10-05 18:00:59,950 LocalServiceAdmin INFO All the local services are enabled.
2016-10-05 18:00:59,961 manager INFO Component type conf file: B2SComp.conf loaded.
2016-10-05 18:00:59,969 ec_base INFO setRate(1000000.000000) done
2016-10-05 18:00:59,969 ec_base INFO setRate(1000.000000) done
2016-10-05 18:00:59,970 rtobject INFO 1 execution context was created.
2016-10-05 18:00:59,973 rtobject INFO Initial active configuration set is default-set.
2016-10-05 18:01:01,642 SdoServiceAdmin WARNING No available SDO service in the factory: 
2016-10-05 18:01:01,642 SdoServiceAdmin ERROR type  already exists.
2016-10-05 18:01:01,644 SdoServiceAdmin WARNING No available SDO service in the factory: IDL:OpenRTM/ComponentObserver:1.0
2016-10-05 18:01:01,644 SdoServiceAdmin ERROR type f03a1845-0f35-4ced-ba6e-4d7be27c5744 already exists.
2016-10-05 18:03:36,296 ec_worker ERROR State of the RTC is not ACTIVE_STATE.
2016-10-05 18:03:36,299 ec_worker WARNING ExecutionContext is already stopped.
2016-10-05 18:03:36,299 ec_base ERROR Invoking on_shutdown() for each RTC failed.
