2016-10-05 16:57:53,796 manager INFO 1.1.0
2016-10-05 16:57:53,796 manager INFO Copyright (C) 2003-2010
2016-10-05 16:57:53,796 manager INFO   Noriaki Ando
2016-10-05 16:57:53,796 manager INFO   Intelligent Systems Research Institute, AIST
2016-10-05 16:57:53,796 manager INFO Manager starting.
2016-10-05 16:57:53,796 manager INFO Starting local logging.
2016-10-05 16:57:53,799 manager.namingmanager INFO NameServer connection succeeded: corba/localhost
2016-10-05 16:57:55,812 ManagerServant INFO Master manager not found
2016-10-05 16:57:55,815 manager WARNING Traceback (most recent call last):
  File "C:\Python27\lib\site-packages\OpenRTM_aist\Manager.py", line 1900, in initManagerServant
    reffile = file(self._config.getProperty("manager.refstring_path"),'w')
IOError: [Errno 2] No such file or directory: '/var/log/rtcmanager.ref'

2016-10-05 16:57:55,815 LocalServiceAdmin INFO All the local services are enabled.
2016-10-05 16:57:55,828 manager INFO Component type conf file: B2SComp.conf loaded.
2016-10-05 16:57:55,835 ec_base INFO setRate(1000000.000000) done
2016-10-05 16:57:55,835 ec_base INFO setRate(1000.000000) done
2016-10-05 16:57:55,838 rtobject INFO 1 execution context was created.
2016-10-05 16:57:55,846 rtobject INFO Initial active configuration set is default-set.
2016-10-05 16:57:58,128 SdoServiceAdmin WARNING No available SDO service in the factory: 
2016-10-05 16:57:58,128 SdoServiceAdmin ERROR type  already exists.
2016-10-05 16:57:58,128 SdoServiceAdmin WARNING No available SDO service in the factory: IDL:OpenRTM/ComponentObserver:1.0
2016-10-05 16:57:58,128 SdoServiceAdmin ERROR type 7bd42225-362f-4ff6-bec6-e734939100c2 already exists.
2016-10-05 17:00:01,589 ec_worker ERROR State of the RTC is not ACTIVE_STATE.
2016-10-05 17:00:01,624 ec_worker WARNING ExecutionContext is already stopped.
2016-10-05 17:00:01,624 ec_base ERROR Invoking on_shutdown() for each RTC failed.
